\BOOKMARK [1][-]{section.1}{Introduction}{}% 1
\BOOKMARK [1][-]{section.2}{Methods}{}% 2
\BOOKMARK [2][-]{subsection.2.1}{Sorting Images}{section.2}% 3
\BOOKMARK [2][-]{subsection.2.2}{Extracting Meta Data}{section.2}% 4
\BOOKMARK [3][-]{subsubsection.2.2.1}{The Q Complexity Measure}{subsection.2.2}% 5
\BOOKMARK [3][-]{subsubsection.2.2.2}{The ICLS Complexity Measure}{subsection.2.2}% 6
\BOOKMARK [2][-]{subsection.2.3}{Statistical Analysis in R}{section.2}% 7
\BOOKMARK [2][-]{subsection.2.4}{Multicollinearity Checks}{section.2}% 8
\BOOKMARK [2][-]{subsection.2.5}{Cross-Validation}{section.2}% 9
\BOOKMARK [2][-]{subsection.2.6}{Evaluating Predictions}{section.2}% 10
\BOOKMARK [1][-]{section.3}{Results}{}% 11
\BOOKMARK [1][-]{section.4}{Discussion}{}% 12
\BOOKMARK [2][-]{subsection.4.1}{Interpreting Results}{section.4}% 13
\BOOKMARK [2][-]{subsection.4.2}{Considerations for Future Investigations}{section.4}% 14
\BOOKMARK [1][-]{section.5}{Conclusion}{}% 15
\BOOKMARK [1][-]{appendix.A}{The Q Complexity Measure}{}% 16
\BOOKMARK [1][-]{appendix.B}{Interaction Plots}{}% 17
\BOOKMARK [1][-]{appendix.C}{Multicollinearity Checks}{}% 18
\BOOKMARK [1][-]{appendix.D}{Python Code}{}% 19
\BOOKMARK [1][-]{appendix.E}{R Code}{}% 20
